<?xml version="1.0" encoding="UTF-8"?>
<!-- Generated by org.testng.reporters.JUnitXMLReporter -->
<testsuite ignored="0" hostname="SSSLT022" failures="0" tests="33" name="Default test" time="85.971" errors="0" timestamp="2023-04-24T18:17:59 IST">
  <testcase classname="org.utility.Base" name="@BeforeMethod launch" time="5.25">
    <failure type="org.openqa.selenium.NoSuchWindowException" message="no such window: target window already closed
from unknown error: web view not found
  (Session info: chrome=112.0.5615.138)
Build info: version: &amp;apos;3.141.59&amp;apos;, revision: &amp;apos;e82be7d358&amp;apos;, time: &amp;apos;2018-11-14T08:25:53&amp;apos;
System info: host: &amp;apos;SSSLT022&amp;apos;, ip: &amp;apos;192.168.1.46&amp;apos;, os.name: &amp;apos;Windows 11&amp;apos;, os.arch: &amp;apos;amd64&amp;apos;, os.version: &amp;apos;10.0&amp;apos;, java.version: &amp;apos;17.0.5&amp;apos;
Driver info: org.openqa.selenium.chrome.ChromeDriver
Capabilities {acceptInsecureCerts: false, browserName: chrome, browserVersion: 112.0.5615.138, chrome: {chromedriverVersion: 112.0.5615.49 (bd2a7bcb881c..., userDataDir: C:\Program Files (x86)\scop...}, goog:chromeOptions: {debuggerAddress: localhost:57779}, javascriptEnabled: true, networkConnectionEnabled: false, pageLoadStrategy: normal, platform: WINDOWS, platformName: WINDOWS, proxy: Proxy(), setWindowRect: true, strictFileInteractability: false, timeouts: {implicit: 0, pageLoad: 300000, script: 30000}, unhandledPromptBehavior: dismiss and notify, webauthn:extension:credBlob: true, webauthn:extension:largeBlob: true, webauthn:extension:minPinLength: true, webauthn:extension:prf: true, webauthn:virtualAuthenticators: true}
Session ID: df1d2e9ccbd0847f7ec37535b5a6b64a">
      <![CDATA[org.openqa.selenium.NoSuchWindowException: no such window: target window already closed
from unknown error: web view not found
  (Session info: chrome=112.0.5615.138)
Build info: version: '3.141.59', revision: 'e82be7d358', time: '2018-11-14T08:25:53'
System info: host: 'SSSLT022', ip: '192.168.1.46', os.name: 'Windows 11', os.arch: 'amd64', os.version: '10.0', java.version: '17.0.5'
Driver info: org.openqa.selenium.chrome.ChromeDriver
Capabilities {acceptInsecureCerts: false, browserName: chrome, browserVersion: 112.0.5615.138, chrome: {chromedriverVersion: 112.0.5615.49 (bd2a7bcb881c..., userDataDir: C:\Program Files (x86)\scop...}, goog:chromeOptions: {debuggerAddress: localhost:57779}, javascriptEnabled: true, networkConnectionEnabled: false, pageLoadStrategy: normal, platform: WINDOWS, platformName: WINDOWS, proxy: Proxy(), setWindowRect: true, strictFileInteractability: false, timeouts: {implicit: 0, pageLoad: 300000, script: 30000}, unhandledPromptBehavior: dismiss and notify, webauthn:extension:credBlob: true, webauthn:extension:largeBlob: true, webauthn:extension:minPinLength: true, webauthn:extension:prf: true, webauthn:virtualAuthenticators: true}
Session ID: df1d2e9ccbd0847f7ec37535b5a6b64a
at java.base/jdk.internal.reflect.NativeConstructorAccessorImpl.newInstance0(Native Method)
at java.base/jdk.internal.reflect.NativeConstructorAccessorImpl.newInstance(NativeConstructorAccessorImpl.java:77)
at java.base/jdk.internal.reflect.DelegatingConstructorAccessorImpl.newInstance(DelegatingConstructorAccessorImpl.java:45)
at java.base/java.lang.reflect.Constructor.newInstanceWithCaller(Constructor.java:499)
at java.base/java.lang.reflect.Constructor.newInstance(Constructor.java:480)
at org.openqa.selenium.remote.http.W3CHttpResponseCodec.createException(W3CHttpResponseCodec.java:187)
at org.openqa.selenium.remote.http.W3CHttpResponseCodec.decode(W3CHttpResponseCodec.java:122)
at org.openqa.selenium.remote.http.W3CHttpResponseCodec.decode(W3CHttpResponseCodec.java:49)
at org.openqa.selenium.remote.HttpCommandExecutor.execute(HttpCommandExecutor.java:158)
at org.openqa.selenium.remote.service.DriverCommandExecutor.execute(DriverCommandExecutor.java:83)
at org.openqa.selenium.remote.RemoteWebDriver.execute(RemoteWebDriver.java:552)
at org.openqa.selenium.remote.RemoteWebDriver.execute(RemoteWebDriver.java:609)
at org.openqa.selenium.remote.RemoteWebDriver$RemoteWebDriverOptions$RemoteWindow.maximize(RemoteWebDriver.java:837)
at org.utility.Base.launch(Base.java:43)
at java.base/jdk.internal.reflect.NativeMethodAccessorImpl.invoke0(Native Method)
at java.base/jdk.internal.reflect.NativeMethodAccessorImpl.invoke(NativeMethodAccessorImpl.java:77)
at java.base/jdk.internal.reflect.DelegatingMethodAccessorImpl.invoke(DelegatingMethodAccessorImpl.java:43)
at java.base/java.lang.reflect.Method.invoke(Method.java:568)
at org.testng.internal.MethodInvocationHelper.invokeMethod(MethodInvocationHelper.java:133)
at org.testng.internal.MethodInvocationHelper.invokeMethodConsideringTimeout(MethodInvocationHelper.java:62)
at org.testng.internal.ConfigInvoker.invokeConfigurationMethod(ConfigInvoker.java:385)
at org.testng.internal.ConfigInvoker.invokeConfigurations(ConfigInvoker.java:321)
at org.testng.internal.TestInvoker.runConfigMethods(TestInvoker.java:700)
at org.testng.internal.TestInvoker.invokeMethod(TestInvoker.java:527)
at org.testng.internal.TestInvoker.invokeTestMethod(TestInvoker.java:173)
at org.testng.internal.MethodRunner.runInSequence(MethodRunner.java:46)
at org.testng.internal.TestInvoker$MethodInvocationAgent.invoke(TestInvoker.java:824)
at org.testng.internal.TestInvoker.invokeTestMethods(TestInvoker.java:146)
at org.testng.internal.TestMethodWorker.invokeTestMethods(TestMethodWorker.java:146)
at org.testng.internal.TestMethodWorker.run(TestMethodWorker.java:128)
at java.base/java.util.ArrayList.forEach(ArrayList.java:1511)
at org.testng.TestRunner.privateRun(TestRunner.java:794)
at org.testng.TestRunner.run(TestRunner.java:596)
at org.testng.SuiteRunner.runTest(SuiteRunner.java:377)
at org.testng.SuiteRunner.runSequentially(SuiteRunner.java:371)
at org.testng.SuiteRunner.privateRun(SuiteRunner.java:332)
at org.testng.SuiteRunner.run(SuiteRunner.java:276)
at org.testng.SuiteRunnerWorker.runSuite(SuiteRunnerWorker.java:53)
at org.testng.SuiteRunnerWorker.run(SuiteRunnerWorker.java:96)
at org.testng.TestNG.runSuitesSequentially(TestNG.java:1212)
at org.testng.TestNG.runSuitesLocally(TestNG.java:1134)
at org.testng.TestNG.runSuites(TestNG.java:1063)
at org.testng.TestNG.run(TestNG.java:1031)
at org.testng.remote.AbstractRemoteTestNG.run(AbstractRemoteTestNG.java:115)
at org.testng.remote.RemoteTestNG.initAndRun(RemoteTestNG.java:251)
at org.testng.remote.RemoteTestNG.main(RemoteTestNG.java:77)
]]>
    </failure>
  </testcase> <!-- @BeforeMethod launch -->
  <testcase classname="org.utility.Base" name="@AfterMethod close" time="-1.682340478842E9">
    <skipped/>
  </testcase> <!-- @AfterMethod close -->
  <testcase classname="org.utility.Base" name="@BeforeMethod launch" time="-1.682340478844E9">
    <skipped/>
  </testcase> <!-- @BeforeMethod launch -->
  <testcase classname="org.utility.Base" name="@AfterMethod close" time="-1.68234047887E9">
    <skipped/>
  </testcase> <!-- @AfterMethod close -->
  <testcase classname="org.utility.Base" name="@BeforeMethod launch" time="-1.682340478872E9">
    <skipped/>
  </testcase> <!-- @BeforeMethod launch -->
  <testcase classname="org.utility.Base" name="@AfterMethod close" time="-1.682340478881E9">
    <skipped/>
  </testcase> <!-- @AfterMethod close -->
  <testcase classname="org.utility.Base" name="@BeforeMethod launch" time="-1.682340478883E9">
    <skipped/>
  </testcase> <!-- @BeforeMethod launch -->
  <testcase classname="org.utility.Base" name="@AfterMethod close" time="-1.682340478888E9">
    <skipped/>
  </testcase> <!-- @AfterMethod close -->
  <testcase classname="org.utility.Base" name="@BeforeMethod launch" time="-1.682340478891E9">
    <skipped/>
  </testcase> <!-- @BeforeMethod launch -->
  <testcase classname="org.utility.Base" name="@AfterMethod close" time="-1.682340478899E9">
    <skipped/>
  </testcase> <!-- @AfterMethod close -->
  <testcase classname="org.utility.Base" name="@BeforeMethod launch" time="-1.682340478901E9">
    <skipped/>
  </testcase> <!-- @BeforeMethod launch -->
  <testcase classname="org.utility.Base" name="@AfterMethod close" time="-1.682340478908E9">
    <skipped/>
  </testcase> <!-- @AfterMethod close -->
  <testcase classname="org.utility.Base" name="@BeforeMethod launch" time="-1.682340478911E9">
    <skipped/>
  </testcase> <!-- @BeforeMethod launch -->
  <testcase classname="org.utility.Base" name="@AfterMethod close" time="-1.682340478916E9">
    <skipped/>
  </testcase> <!-- @AfterMethod close -->
  <testcase classname="org.utility.Base" name="@BeforeMethod launch" time="-1.682340478918E9">
    <skipped/>
  </testcase> <!-- @BeforeMethod launch -->
  <testcase classname="org.utility.Base" name="@AfterMethod close" time="-1.682340478927E9">
    <skipped/>
  </testcase> <!-- @AfterMethod close -->
  <testcase classname="org.utility.Base" name="@BeforeMethod launch" time="-1.682340478928E9">
    <skipped/>
  </testcase> <!-- @BeforeMethod launch -->
  <testcase classname="org.utility.Base" name="@AfterMethod close" time="-1.682340478934E9">
    <skipped/>
  </testcase> <!-- @AfterMethod close -->
  <testcase classname="org.utility.Base" name="@BeforeMethod launch" time="-1.682340478938E9">
    <skipped/>
  </testcase> <!-- @BeforeMethod launch -->
  <testcase classname="org.utility.Base" name="@AfterMethod close" time="-1.682340478943E9">
    <skipped/>
  </testcase> <!-- @AfterMethod close -->
  <testcase classname="org.utility.Base" name="@BeforeMethod launch" time="-1.682340478944E9">
    <skipped/>
  </testcase> <!-- @BeforeMethod launch -->
  <testcase classname="org.utility.Base" name="@AfterMethod close" time="-1.682340478949E9">
    <skipped/>
  </testcase> <!-- @AfterMethod close -->
  <testcase classname="org.utility.Base" name="@BeforeMethod launch" time="-1.682340478951E9">
    <skipped/>
  </testcase> <!-- @BeforeMethod launch -->
  <testcase classname="org.utility.Base" name="@AfterMethod close" time="-1.682340478962E9">
    <skipped/>
  </testcase> <!-- @AfterMethod close -->
  <testcase classname="org.utility.Base" name="@BeforeMethod launch" time="-1.682340478965E9">
    <skipped/>
  </testcase> <!-- @BeforeMethod launch -->
  <testcase classname="org.utility.Base" name="@AfterMethod close" time="-1.682340478974E9">
    <skipped/>
  </testcase> <!-- @AfterMethod close -->
  <testcase classname="org.utility.Base" name="@BeforeMethod launch" time="-1.682340478976E9">
    <skipped/>
  </testcase> <!-- @BeforeMethod launch -->
  <testcase classname="org.utility.Base" name="@AfterMethod close" time="-1.682340478982E9">
    <skipped/>
  </testcase> <!-- @AfterMethod close -->
  <testcase classname="org.utility.Base" name="@BeforeMethod launch" time="-1.682340478986E9">
    <skipped/>
  </testcase> <!-- @BeforeMethod launch -->
  <testcase classname="org.utility.Base" name="@AfterMethod close" time="-1.682340478991E9">
    <skipped/>
  </testcase> <!-- @AfterMethod close -->
  <testcase classname="org.utility.Base" name="@BeforeMethod launch" time="-1.682340478992E9">
    <skipped/>
  </testcase> <!-- @BeforeMethod launch -->
  <testcase classname="org.utility.Base" name="@AfterMethod close" time="-1.682340478995E9">
    <skipped/>
  </testcase> <!-- @AfterMethod close -->
  <testcase classname="org.utility.Base" name="@BeforeMethod launch" time="-1.682340478996E9">
    <skipped/>
  </testcase> <!-- @BeforeMethod launch -->
  <testcase classname="org.utility.Base" name="@AfterMethod close" time="-1.682340479E9">
    <skipped/>
  </testcase> <!-- @AfterMethod close -->
  <testcase classname="org.utility.Base" name="@BeforeMethod launch" time="-1.682340479001E9">
    <skipped/>
  </testcase> <!-- @BeforeMethod launch -->
  <testcase classname="org.utility.Base" name="@AfterMethod close" time="-1.682340479003E9">
    <skipped/>
  </testcase> <!-- @AfterMethod close -->
  <testcase classname="org.utility.Base" name="@BeforeMethod launch" time="-1.682340479004E9">
    <skipped/>
  </testcase> <!-- @BeforeMethod launch -->
  <testcase classname="org.utility.Base" name="@AfterMethod close" time="-1.682340479007E9">
    <skipped/>
  </testcase> <!-- @AfterMethod close -->
  <testcase classname="org.utility.Base" name="@BeforeMethod launch" time="-1.682340479008E9">
    <skipped/>
  </testcase> <!-- @BeforeMethod launch -->
  <testcase classname="org.utility.Base" name="@AfterMethod close" time="-1.682340479014E9">
    <skipped/>
  </testcase> <!-- @AfterMethod close -->
  <testcase classname="org.utility.Base" name="@BeforeMethod launch" time="-1.682340479028E9">
    <skipped/>
  </testcase> <!-- @BeforeMethod launch -->
  <testcase classname="org.utility.Base" name="@AfterMethod close" time="-1.682340479033E9">
    <skipped/>
  </testcase> <!-- @AfterMethod close -->
  <testcase classname="org.utility.Base" name="@BeforeMethod launch" time="-1.682340479035E9">
    <skipped/>
  </testcase> <!-- @BeforeMethod launch -->
  <testcase classname="org.utility.Base" name="@AfterMethod close" time="-1.682340479041E9">
    <skipped/>
  </testcase> <!-- @AfterMethod close -->
  <testcase classname="org.utility.Base" name="@BeforeMethod launch" time="-1.682340479041E9">
    <skipped/>
  </testcase> <!-- @BeforeMethod launch -->
  <testcase classname="org.utility.Base" name="@AfterMethod close" time="-1.682340479044E9">
    <skipped/>
  </testcase> <!-- @AfterMethod close -->
  <testcase classname="org.utility.Base" name="@BeforeMethod launch" time="-1.682340479046E9">
    <skipped/>
  </testcase> <!-- @BeforeMethod launch -->
  <testcase classname="org.utility.Base" name="@AfterMethod close" time="-1.682340479052E9">
    <skipped/>
  </testcase> <!-- @AfterMethod close -->
  <testcase classname="org.utility.Base" name="@BeforeMethod launch" time="-1.682340479056E9">
    <skipped/>
  </testcase> <!-- @BeforeMethod launch -->
  <testcase classname="org.utility.Base" name="@AfterMethod close" time="-1.682340479059E9">
    <skipped/>
  </testcase> <!-- @AfterMethod close -->
  <testcase classname="org.utility.Base" name="@BeforeMethod launch" time="-1.68234047906E9">
    <skipped/>
  </testcase> <!-- @BeforeMethod launch -->
  <testcase classname="org.utility.Base" name="@AfterMethod close" time="-1.682340479065E9">
    <skipped/>
  </testcase> <!-- @AfterMethod close -->
  <testcase classname="org.utility.Base" name="@BeforeMethod launch" time="-1.682340479066E9">
    <skipped/>
  </testcase> <!-- @BeforeMethod launch -->
  <testcase classname="org.utility.Base" name="@AfterMethod close" time="-1.682340479069E9">
    <skipped/>
  </testcase> <!-- @AfterMethod close -->
  <testcase classname="org.utility.Base" name="@BeforeMethod launch" time="-1.682340479071E9">
    <skipped/>
  </testcase> <!-- @BeforeMethod launch -->
  <testcase classname="org.utility.Base" name="@AfterMethod close" time="-1.682340479074E9">
    <skipped/>
  </testcase> <!-- @AfterMethod close -->
  <testcase classname="org.utility.Base" name="@BeforeMethod launch" time="-1.682340479076E9">
    <skipped/>
  </testcase> <!-- @BeforeMethod launch -->
  <testcase classname="org.utility.Base" name="@AfterMethod close" time="-1.682340479083E9">
    <skipped/>
  </testcase> <!-- @AfterMethod close -->
  <testcase classname="org.utility.Base" name="@BeforeMethod launch" time="-1.682340479085E9">
    <skipped/>
  </testcase> <!-- @BeforeMethod launch -->
  <testcase classname="org.utility.Base" name="@AfterMethod close" time="-1.682340479088E9">
    <skipped/>
  </testcase> <!-- @AfterMethod close -->
  <testcase classname="org.utility.Base" name="@BeforeMethod launch" time="-1.682340479089E9">
    <skipped/>
  </testcase> <!-- @BeforeMethod launch -->
  <testcase classname="org.utility.Base" name="@AfterMethod close" time="-1.682340479093E9">
    <skipped/>
  </testcase> <!-- @AfterMethod close -->
  <testcase classname="org.utility.Base" name="@BeforeMethod launch" time="-1.682340479095E9">
    <skipped/>
  </testcase> <!-- @BeforeMethod launch -->
  <testcase classname="org.utility.Base" name="@AfterMethod close" time="-1.682340479104E9">
    <skipped/>
  </testcase> <!-- @AfterMethod close -->
  <testcase classname="org.test.BankSetup" name="TC01" time="60.265"/>
  <testcase classname="org.test.BankSetup" name="TC02" time="0.0">
    <skipped/>
  </testcase> <!-- TC02 -->
  <testcase classname="org.test.BankSetup" name="TC03" time="0.0">
    <skipped/>
  </testcase> <!-- TC03 -->
  <testcase classname="org.test.BankSetup" name="TC04" time="0.0">
    <skipped/>
  </testcase> <!-- TC04 -->
  <testcase classname="org.test.BankSetup" name="TC05" time="0.0">
    <skipped/>
  </testcase> <!-- TC05 -->
  <testcase classname="org.test.BankSetup" name="TC06" time="0.0">
    <skipped/>
  </testcase> <!-- TC06 -->
  <testcase classname="org.test.BankSetup" name="TC07" time="0.0">
    <skipped/>
  </testcase> <!-- TC07 -->
  <testcase classname="org.test.BankSetup" name="TC08" time="0.0">
    <skipped/>
  </testcase> <!-- TC08 -->
  <testcase classname="org.test.BankSetup" name="TC09" time="0.0">
    <skipped/>
  </testcase> <!-- TC09 -->
  <testcase classname="org.test.BankSetup" name="TC10" time="0.0">
    <skipped/>
  </testcase> <!-- TC10 -->
  <testcase classname="org.test.BankSetup" name="TC11" time="0.0">
    <skipped/>
  </testcase> <!-- TC11 -->
  <testcase classname="org.test.BankSetup" name="TC12" time="0.0">
    <skipped/>
  </testcase> <!-- TC12 -->
  <testcase classname="org.test.BankSetup" name="TC13" time="0.0">
    <skipped/>
  </testcase> <!-- TC13 -->
  <testcase classname="org.test.BankSetup" name="TC14" time="0.0">
    <skipped/>
  </testcase> <!-- TC14 -->
  <testcase classname="org.test.BankSetup" name="TC15" time="0.0">
    <skipped/>
  </testcase> <!-- TC15 -->
  <testcase classname="org.test.BankSetup" name="TC16" time="0.0">
    <skipped/>
  </testcase> <!-- TC16 -->
  <testcase classname="org.test.BankSetup" name="TC17" time="0.0">
    <skipped/>
  </testcase> <!-- TC17 -->
  <testcase classname="org.test.BankSetup" name="TC18" time="0.0">
    <skipped/>
  </testcase> <!-- TC18 -->
  <testcase classname="org.test.BankSetup" name="TC19" time="0.0">
    <skipped/>
  </testcase> <!-- TC19 -->
  <testcase classname="org.test.BankSetup" name="TC20" time="0.0">
    <skipped/>
  </testcase> <!-- TC20 -->
  <testcase classname="org.test.BankSetup" name="TC21" time="0.0">
    <skipped/>
  </testcase> <!-- TC21 -->
  <testcase classname="org.test.BankSetup" name="TC22" time="0.0">
    <skipped/>
  </testcase> <!-- TC22 -->
  <testcase classname="org.test.BankSetup" name="TC23" time="0.0">
    <skipped/>
  </testcase> <!-- TC23 -->
  <testcase classname="org.test.BankSetup" name="TC24" time="0.0">
    <skipped/>
  </testcase> <!-- TC24 -->
  <testcase classname="org.test.BankSetup" name="TC25" time="0.0">
    <skipped/>
  </testcase> <!-- TC25 -->
  <testcase classname="org.test.BankSetup" name="TC26" time="0.0">
    <skipped/>
  </testcase> <!-- TC26 -->
  <testcase classname="org.test.BankSetup" name="TC27" time="0.0">
    <skipped/>
  </testcase> <!-- TC27 -->
  <testcase classname="org.test.BankSetup" name="TC28" time="0.0">
    <skipped/>
  </testcase> <!-- TC28 -->
  <testcase classname="org.test.BankSetup" name="TC29" time="0.0">
    <skipped/>
  </testcase> <!-- TC29 -->
  <testcase classname="org.test.BankSetup" name="TC30" time="0.0">
    <skipped/>
  </testcase> <!-- TC30 -->
  <testcase classname="org.test.BankSetup" name="TC31" time="0.0">
    <skipped/>
  </testcase> <!-- TC31 -->
  <testcase classname="org.test.BankSetup" name="TC32" time="0.0">
    <skipped/>
  </testcase> <!-- TC32 -->
  <testcase classname="org.test.BankSetup" name="TC33" time="0.0">
    <skipped/>
  </testcase> <!-- TC33 -->
</testsuite> <!-- Default test -->
