<?xml version="1.0" encoding="UTF-8"?>
<!-- Generated by org.testng.reporters.JUnitReportReporter -->
<testsuite hostname="SSSLT022" failures="0" tests="34" name="org.test.BankSetup" time="85.648" errors="1" timestamp="2023-04-24T18:17:59 IST" skipped="32">
  <testcase classname="org.test.BankSetup" name="TC24" time="20.133">
    <skipped/>
  </testcase> <!-- TC24 -->
  <system-out/>
  <testcase classname="org.test.BankSetup" name="TC13" time="0.000">
    <skipped/>
  </testcase> <!-- TC13 -->
  <system-out/>
  <testcase classname="org.test.BankSetup" name="TC29" time="0.000">
    <skipped/>
  </testcase> <!-- TC29 -->
  <system-out/>
  <testcase classname="org.test.BankSetup" name="TC16" time="0.000">
    <skipped/>
  </testcase> <!-- TC16 -->
  <system-out/>
  <testcase classname="org.test.BankSetup" name="TC30" time="0.000">
    <skipped/>
  </testcase> <!-- TC30 -->
  <system-out/>
  <testcase classname="org.test.BankSetup" name="TC33" time="0.000">
    <skipped/>
  </testcase> <!-- TC33 -->
  <system-out/>
  <testcase classname="org.test.BankSetup" name="TC26" time="0.000">
    <skipped/>
  </testcase> <!-- TC26 -->
  <system-out/>
  <testcase classname="org.test.BankSetup" name="TC23" time="0.000">
    <skipped/>
  </testcase> <!-- TC23 -->
  <system-out/>
  <testcase classname="org.test.BankSetup" name="TC08" time="0.000">
    <skipped/>
  </testcase> <!-- TC08 -->
  <system-out/>
  <testcase classname="org.test.BankSetup" name="TC18" time="0.000">
    <skipped/>
  </testcase> <!-- TC18 -->
  <system-out/>
  <testcase classname="org.test.BankSetup" name="TC25" time="0.000">
    <skipped/>
  </testcase> <!-- TC25 -->
  <system-out/>
  <testcase classname="org.test.BankSetup" name="TC09" time="0.000">
    <skipped/>
  </testcase> <!-- TC09 -->
  <system-out/>
  <testcase classname="org.test.BankSetup" name="TC04" time="0.000">
    <skipped/>
  </testcase> <!-- TC04 -->
  <system-out/>
  <testcase classname="org.test.BankSetup" name="TC05" time="0.000">
    <skipped/>
  </testcase> <!-- TC05 -->
  <system-out/>
  <testcase classname="org.test.BankSetup" name="TC10" time="0.000">
    <skipped/>
  </testcase> <!-- TC10 -->
  <system-out/>
  <testcase classname="org.test.BankSetup" name="TC21" time="0.000">
    <skipped/>
  </testcase> <!-- TC21 -->
  <system-out/>
  <testcase classname="org.test.BankSetup" name="TC14" time="0.000">
    <skipped/>
  </testcase> <!-- TC14 -->
  <system-out/>
  <testcase classname="org.test.BankSetup" name="TC06" time="0.000">
    <skipped/>
  </testcase> <!-- TC06 -->
  <system-out/>
  <testcase classname="org.test.BankSetup" name="launch" time="5.250">
    <error message="no such window: target window already closed
from unknown error: web view not found
  (Session info: chrome=112.0.5615.138)
Build info: version: &#039;3.141.59&#039;, revision: &#039;e82be7d358&#039;, time: &#039;2018-11-14T08:25:53&#039;
System info: host: &#039;SSSLT022&#039;, ip: &#039;192.168.1.46&#039;, os.name: &#039;Windows 11&#039;, os.arch: &#039;amd64&#039;, os.version: &#039;10.0&#039;, java.version: &#039;17.0.5&#039;
Driver info: org.openqa.selenium.chrome.ChromeDriver
Capabilities {acceptInsecureCerts: false, browserName: chrome, browserVersion: 112.0.5615.138, chrome: {chromedriverVersion: 112.0.5615.49 (bd2a7bcb881c..., userDataDir: C:\Program Files (x86)\scop...}, goog:chromeOptions: {debuggerAddress: localhost:57779}, javascriptEnabled: true, networkConnectionEnabled: false, pageLoadStrategy: normal, platform: WINDOWS, platformName: WINDOWS, proxy: Proxy(), setWindowRect: true, strictFileInteractability: false, timeouts: {implicit: 0, pageLoad: 300000, script: 30000}, unhandledPromptBehavior: dismiss and notify, webauthn:extension:credBlob: true, webauthn:extension:largeBlob: true, webauthn:extension:minPinLength: true, webauthn:extension:prf: true, webauthn:virtualAuthenticators: true}
Session ID: df1d2e9ccbd0847f7ec37535b5a6b64a" type="org.openqa.selenium.NoSuchWindowException">
      <![CDATA[org.openqa.selenium.NoSuchWindowException: no such window: target window already closed
from unknown error: web view not found
  (Session info: chrome=112.0.5615.138)
Build info: version: '3.141.59', revision: 'e82be7d358', time: '2018-11-14T08:25:53'
System info: host: 'SSSLT022', ip: '192.168.1.46', os.name: 'Windows 11', os.arch: 'amd64', os.version: '10.0', java.version: '17.0.5'
Driver info: org.openqa.selenium.chrome.ChromeDriver
Capabilities {acceptInsecureCerts: false, browserName: chrome, browserVersion: 112.0.5615.138, chrome: {chromedriverVersion: 112.0.5615.49 (bd2a7bcb881c..., userDataDir: C:\Program Files (x86)\scop...}, goog:chromeOptions: {debuggerAddress: localhost:57779}, javascriptEnabled: true, networkConnectionEnabled: false, pageLoadStrategy: normal, platform: WINDOWS, platformName: WINDOWS, proxy: Proxy(), setWindowRect: true, strictFileInteractability: false, timeouts: {implicit: 0, pageLoad: 300000, script: 30000}, unhandledPromptBehavior: dismiss and notify, webauthn:extension:credBlob: true, webauthn:extension:largeBlob: true, webauthn:extension:minPinLength: true, webauthn:extension:prf: true, webauthn:virtualAuthenticators: true}
Session ID: df1d2e9ccbd0847f7ec37535b5a6b64a
at java.base/jdk.internal.reflect.NativeConstructorAccessorImpl.newInstance0(Native Method)
at java.base/jdk.internal.reflect.NativeConstructorAccessorImpl.newInstance(NativeConstructorAccessorImpl.java:77)
at java.base/jdk.internal.reflect.DelegatingConstructorAccessorImpl.newInstance(DelegatingConstructorAccessorImpl.java:45)
at java.base/java.lang.reflect.Constructor.newInstanceWithCaller(Constructor.java:499)
at java.base/java.lang.reflect.Constructor.newInstance(Constructor.java:480)
at org.openqa.selenium.remote.http.W3CHttpResponseCodec.createException(W3CHttpResponseCodec.java:187)
at org.openqa.selenium.remote.http.W3CHttpResponseCodec.decode(W3CHttpResponseCodec.java:122)
at org.openqa.selenium.remote.http.W3CHttpResponseCodec.decode(W3CHttpResponseCodec.java:49)
at org.openqa.selenium.remote.HttpCommandExecutor.execute(HttpCommandExecutor.java:158)
at org.openqa.selenium.remote.service.DriverCommandExecutor.execute(DriverCommandExecutor.java:83)
at org.openqa.selenium.remote.RemoteWebDriver.execute(RemoteWebDriver.java:552)
at org.openqa.selenium.remote.RemoteWebDriver.execute(RemoteWebDriver.java:609)
at org.openqa.selenium.remote.RemoteWebDriver$RemoteWebDriverOptions$RemoteWindow.maximize(RemoteWebDriver.java:837)
at org.utility.Base.launch(Base.java:43)
at java.base/jdk.internal.reflect.NativeMethodAccessorImpl.invoke0(Native Method)
at java.base/jdk.internal.reflect.NativeMethodAccessorImpl.invoke(NativeMethodAccessorImpl.java:77)
at java.base/jdk.internal.reflect.DelegatingMethodAccessorImpl.invoke(DelegatingMethodAccessorImpl.java:43)
at java.base/java.lang.reflect.Method.invoke(Method.java:568)
at org.testng.internal.MethodInvocationHelper.invokeMethod(MethodInvocationHelper.java:133)
at org.testng.internal.MethodInvocationHelper.invokeMethodConsideringTimeout(MethodInvocationHelper.java:62)
at org.testng.internal.ConfigInvoker.invokeConfigurationMethod(ConfigInvoker.java:385)
at org.testng.internal.ConfigInvoker.invokeConfigurations(ConfigInvoker.java:321)
at org.testng.internal.TestInvoker.runConfigMethods(TestInvoker.java:700)
at org.testng.internal.TestInvoker.invokeMethod(TestInvoker.java:527)
at org.testng.internal.TestInvoker.invokeTestMethod(TestInvoker.java:173)
at org.testng.internal.MethodRunner.runInSequence(MethodRunner.java:46)
at org.testng.internal.TestInvoker$MethodInvocationAgent.invoke(TestInvoker.java:824)
at org.testng.internal.TestInvoker.invokeTestMethods(TestInvoker.java:146)
at org.testng.internal.TestMethodWorker.invokeTestMethods(TestMethodWorker.java:146)
at org.testng.internal.TestMethodWorker.run(TestMethodWorker.java:128)
at java.base/java.util.ArrayList.forEach(ArrayList.java:1511)
at org.testng.TestRunner.privateRun(TestRunner.java:794)
at org.testng.TestRunner.run(TestRunner.java:596)
at org.testng.SuiteRunner.runTest(SuiteRunner.java:377)
at org.testng.SuiteRunner.runSequentially(SuiteRunner.java:371)
at org.testng.SuiteRunner.privateRun(SuiteRunner.java:332)
at org.testng.SuiteRunner.run(SuiteRunner.java:276)
at org.testng.SuiteRunnerWorker.runSuite(SuiteRunnerWorker.java:53)
at org.testng.SuiteRunnerWorker.run(SuiteRunnerWorker.java:96)
at org.testng.TestNG.runSuitesSequentially(TestNG.java:1212)
at org.testng.TestNG.runSuitesLocally(TestNG.java:1134)
at org.testng.TestNG.runSuites(TestNG.java:1063)
at org.testng.TestNG.run(TestNG.java:1031)
at org.testng.remote.AbstractRemoteTestNG.run(AbstractRemoteTestNG.java:115)
at org.testng.remote.RemoteTestNG.initAndRun(RemoteTestNG.java:251)
at org.testng.remote.RemoteTestNG.main(RemoteTestNG.java:77)
]]>
    </error>
  </testcase> <!-- launch -->
  <system-out/>
  <testcase classname="org.test.BankSetup" name="TC11" time="0.000">
    <skipped/>
  </testcase> <!-- TC11 -->
  <system-out/>
  <testcase classname="org.test.BankSetup" name="TC22" time="0.000">
    <skipped/>
  </testcase> <!-- TC22 -->
  <system-out/>
  <testcase classname="org.test.BankSetup" name="TC15" time="0.000">
    <skipped/>
  </testcase> <!-- TC15 -->
  <system-out/>
  <testcase classname="org.test.BankSetup" name="TC28" time="0.000">
    <skipped/>
  </testcase> <!-- TC28 -->
  <system-out/>
  <testcase classname="org.test.BankSetup" name="TC19" time="0.000">
    <skipped/>
  </testcase> <!-- TC19 -->
  <system-out/>
  <testcase classname="org.test.BankSetup" name="TC31" time="0.000">
    <skipped/>
  </testcase> <!-- TC31 -->
  <system-out/>
  <testcase classname="org.test.BankSetup" name="TC32" time="0.000">
    <skipped/>
  </testcase> <!-- TC32 -->
  <system-out/>
  <testcase classname="org.test.BankSetup" name="TC27" time="0.000">
    <skipped/>
  </testcase> <!-- TC27 -->
  <system-out/>
  <testcase classname="org.test.BankSetup" name="TC03" time="0.000">
    <skipped/>
  </testcase> <!-- TC03 -->
  <system-out/>
  <testcase classname="org.test.BankSetup" name="TC07" time="0.000">
    <skipped/>
  </testcase> <!-- TC07 -->
  <system-out/>
  <testcase classname="org.test.BankSetup" name="TC02" time="0.000">
    <skipped/>
  </testcase> <!-- TC02 -->
  <system-out/>
  <testcase classname="org.test.BankSetup" name="TC20" time="0.000">
    <skipped/>
  </testcase> <!-- TC20 -->
  <system-out/>
  <testcase classname="org.test.BankSetup" name="TC17" time="0.000">
    <skipped/>
  </testcase> <!-- TC17 -->
  <system-out/>
  <testcase classname="org.test.BankSetup" name="TC01" time="60.265"/>
  <system-out/>
  <testcase classname="org.test.BankSetup" name="TC12" time="0.000">
    <skipped/>
  </testcase> <!-- TC12 -->
  <system-out/>
</testsuite> <!-- org.test.BankSetup -->
